<?xml version="1.0" encoding="UTF-8" ?>
<testsuite tests="18" failures="0" name="LiquidContainersTest" time="0.07" errors="0" skipped="0">
  <properties>
[...]
</properties>
  <testcase classname="LiquidContainersTest" name="onlyMainMethod" time="0"/>
  <testcase classname="LiquidContainersTest" name="empties" time="0.03"/>
  <testcase classname="LiquidContainersTest" name="noObjectOrClassVariables" time="0"/>
  <testcase classname="LiquidContainersTest" name="add1" time="0"/>
  <testcase classname="LiquidContainersTest" name="add2" time="0"/>
  <testcase classname="LiquidContainersTest" name="add3" time="0"/>
  <testcase classname="LiquidContainersTest" name="add4" time="0.01"/>
  <testcase classname="LiquidContainersTest" name="add5" time="0"/>
  <testcase classname="LiquidContainersTest" name="add6" time="0"/>
  <testcase classname="LiquidContainersTest" name="move1" time="0.01"/>
  <testcase classname="LiquidContainersTest" name="move2" time="0"/>
  <testcase classname="LiquidContainersTest" name="move3" time="0"/>
  <testcase classname="LiquidContainersTest" name="move4" time="0.01"/>
  <testcase classname="LiquidContainersTest" name="move5" time="0"/>
  <testcase classname="LiquidContainersTest" name="remove1" time="0"/>
  <testcase classname="LiquidContainersTest" name="remove2" time="0"/>
  <testcase classname="LiquidContainersTest" name="remove3" time="0"/>
  <testcase classname="LiquidContainersTest" name="remove4" time="0.01"/>
</testsuite>